[10-Jan-2025 05:20:59 UTC] GrowGoal class initialized
[10-Jan-2025 05:21:34 UTC] GrowGoal class initialized
[10-Jan-2025 05:21:54 UTC] GrowGoal class initialized
[10-Jan-2025 05:23:29 UTC] GrowGoal class initialized
[10-Jan-2025 05:23:35 UTC] GrowGoal class initialized
[10-Jan-2025 05:23:45 UTC] GrowGoal class initialized
[10-Jan-2025 05:23:45 UTC] growgoal_student_registration:Array
(
    [firstName] => Shakib
    [lastName] => Shown
    [email] => shakib6472@hotmail.com
    [dob] => 2019-12-26
    [password] => parvesii844
    [confirm_password] => parvesii844
    [security] => af9375e860
    [action] => growgoal_student_registration
)

[10-Jan-2025 05:23:45 UTC] growgoal_verify_login: nonce verified
[10-Jan-2025 05:24:36 UTC] GrowGoal class initialized
[10-Jan-2025 05:26:37 UTC] GrowGoal class initialized
[10-Jan-2025 05:27:33 UTC] GrowGoal class initialized
[10-Jan-2025 05:27:47 UTC] GrowGoal class initialized
[10-Jan-2025 05:27:47 UTC] growgoal_student_registration:Array
(
    [firstName] => Shakib
    [lastName] => Shown
    [email] => shakib6472@hotmail.com
    [dob] => 2019-12-18
    [password] => parvesii844
    [confirm_password] => parvesii844
    [security] => af9375e860
    [action] => growgoal_student_registration
)

[10-Jan-2025 05:27:47 UTC] growgoal_verify_login: nonce verified
[10-Jan-2025 05:28:09 UTC] GrowGoal class initialized
[10-Jan-2025 05:28:38 UTC] GrowGoal class initialized
[10-Jan-2025 05:28:44 UTC] GrowGoal class initialized
[10-Jan-2025 05:28:44 UTC] growgoal_student_registration:Array
(
    [firstName] => Shakib
    [lastName] => Shown
    [email] => shakib6472@hotmail.com
    [dob] => 2019-12-26
    [password] => Parvesii#844
    [confirm_password] => Parvesii#844
    [security] => af9375e860
    [action] => growgoal_student_registration
)

[10-Jan-2025 05:28:44 UTC] growgoal_verify_login: nonce verified
[10-Jan-2025 05:29:40 UTC] GrowGoal class initialized
[10-Jan-2025 05:29:50 UTC] GrowGoal class initialized
[10-Jan-2025 05:29:50 UTC] growgoal_student_registration:Array
(
    [firstName] => Shakib
    [lastName] => Shown
    [email] => shakib6472@hotmail.com
    [dob] => 2019-12-04
    [password] => #)1V@hX*Dl42TSw^Hn*hhJ7*
    [confirm_password] => #)1V@hX*Dl42TSw^Hn*hhJ7*
    [security] => af9375e860
    [action] => growgoal_student_registration
)

[10-Jan-2025 05:29:50 UTC] growgoal_verify_login: nonce verified
[10-Jan-2025 05:30:25 UTC] GrowGoal class initialized
[11-Jan-2025 04:03:18 UTC] GrowGoal class initialized
[11-Jan-2025 04:03:19 UTC] GrowGoal class initialized
[11-Jan-2025 05:43:10 UTC] GrowGoal class initialized
[11-Jan-2025 05:43:16 UTC] GrowGoal class initialized
[11-Jan-2025 19:47:16 UTC] GrowGoal class initialized
[11-Jan-2025 19:47:17 UTC] GrowGoal class initialized
[11-Jan-2025 19:51:03 UTC] GrowGoal class initialized
[11-Jan-2025 19:51:05 UTC] GrowGoal class initialized
[11-Jan-2025 19:51:07 UTC] GrowGoal class initialized
[11-Jan-2025 19:51:07 UTC] GrowGoal class initialized
[11-Jan-2025 19:51:08 UTC] GrowGoal class initialized
[11-Jan-2025 19:51:09 UTC] GrowGoal class initialized
[11-Jan-2025 19:51:09 UTC] GrowGoal class initialized
[11-Jan-2025 19:51:11 UTC] GrowGoal class initialized
[11-Jan-2025 19:51:11 UTC] GrowGoal class initialized
[11-Jan-2025 19:51:11 UTC] GrowGoal class initialized
[11-Jan-2025 19:51:11 UTC] GrowGoal class initialized
[11-Jan-2025 19:51:11 UTC] GrowGoal class initialized
[11-Jan-2025 19:51:11 UTC] GrowGoal class initialized
[11-Jan-2025 19:51:11 UTC] GrowGoal class initialized
[11-Jan-2025 19:51:11 UTC] GrowGoal class initialized
[11-Jan-2025 19:51:11 UTC] GrowGoal class initialized
[11-Jan-2025 19:51:11 UTC] GrowGoal class initialized
[11-Jan-2025 19:51:12 UTC] GrowGoal class initialized
[11-Jan-2025 19:51:14 UTC] GrowGoal class initialized
[11-Jan-2025 19:51:21 UTC] GrowGoal class initialized
[11-Jan-2025 19:51:25 UTC] GrowGoal class initialized
[11-Jan-2025 19:51:25 UTC] GrowGoal class initialized
[11-Jan-2025 19:51:25 UTC] GrowGoal class initialized
[11-Jan-2025 19:51:26 UTC] GrowGoal class initialized
[11-Jan-2025 19:51:26 UTC] GrowGoal class initialized
[11-Jan-2025 19:51:27 UTC] GrowGoal class initialized
[11-Jan-2025 19:51:27 UTC] GrowGoal class initialized
[11-Jan-2025 19:51:30 UTC] GrowGoal class initialized
[11-Jan-2025 19:51:30 UTC] GrowGoal class initialized
[11-Jan-2025 19:51:30 UTC] GrowGoal class initialized
[11-Jan-2025 19:51:30 UTC] GrowGoal class initialized
[11-Jan-2025 19:51:31 UTC] GrowGoal class initialized
[11-Jan-2025 19:51:31 UTC] GrowGoal class initialized
[11-Jan-2025 19:51:46 UTC] GrowGoal class initialized
[11-Jan-2025 19:53:47 UTC] GrowGoal class initialized
[11-Jan-2025 19:53:47 UTC] GrowGoal class initialized
[11-Jan-2025 19:55:48 UTC] GrowGoal class initialized
[11-Jan-2025 19:57:49 UTC] GrowGoal class initialized
[11-Jan-2025 19:59:50 UTC] GrowGoal class initialized
[11-Jan-2025 20:01:38 UTC] GrowGoal class initialized
[11-Jan-2025 20:01:53 UTC] GrowGoal class initialized
[11-Jan-2025 20:02:09 UTC] GrowGoal class initialized
[11-Jan-2025 20:02:24 UTC] GrowGoal class initialized
[11-Jan-2025 20:02:40 UTC] GrowGoal class initialized
[11-Jan-2025 20:04:41 UTC] GrowGoal class initialized
[11-Jan-2025 20:06:42 UTC] GrowGoal class initialized
[11-Jan-2025 20:08:43 UTC] GrowGoal class initialized
[11-Jan-2025 20:10:44 UTC] GrowGoal class initialized
[11-Jan-2025 20:12:45 UTC] GrowGoal class initialized
[11-Jan-2025 20:14:46 UTC] GrowGoal class initialized
[11-Jan-2025 20:16:47 UTC] GrowGoal class initialized
[11-Jan-2025 20:18:48 UTC] GrowGoal class initialized
[11-Jan-2025 20:19:40 UTC] GrowGoal class initialized
[11-Jan-2025 20:19:55 UTC] GrowGoal class initialized
[11-Jan-2025 20:21:56 UTC] GrowGoal class initialized
[11-Jan-2025 20:22:54 UTC] GrowGoal class initialized
[11-Jan-2025 20:22:56 UTC] GrowGoal class initialized
[11-Jan-2025 20:22:57 UTC] GrowGoal class initialized
[11-Jan-2025 20:22:57 UTC] GrowGoal class initialized
[11-Jan-2025 20:22:57 UTC] GrowGoal class initialized
[11-Jan-2025 20:22:57 UTC] GrowGoal class initialized
[11-Jan-2025 20:22:57 UTC] GrowGoal class initialized
[11-Jan-2025 20:22:58 UTC] GrowGoal class initialized
[11-Jan-2025 20:23:12 UTC] GrowGoal class initialized
[11-Jan-2025 20:24:41 UTC] GrowGoal class initialized
[11-Jan-2025 20:24:42 UTC] GrowGoal class initialized
[11-Jan-2025 20:24:43 UTC] GrowGoal class initialized
[11-Jan-2025 20:24:43 UTC] GrowGoal class initialized
[11-Jan-2025 20:24:43 UTC] GrowGoal class initialized
[11-Jan-2025 20:24:43 UTC] GrowGoal class initialized
[11-Jan-2025 20:24:44 UTC] GrowGoal class initialized
[11-Jan-2025 20:24:44 UTC] GrowGoal class initialized
[11-Jan-2025 20:24:48 UTC] GrowGoal class initialized
[11-Jan-2025 20:24:48 UTC] PHP Warning:  include(C:\xampp\htdocs\growgoal\wp-content\plugins\growgoal/elementor/pages/student/dashboard/parts/header.php): Failed to open stream: No such file or directory in C:\xampp\htdocs\growgoal\wp-content\plugins\growgoal\elementor\st-dashboard.php on line 53
[11-Jan-2025 20:24:48 UTC] PHP Warning:  include(): Failed opening 'C:\xampp\htdocs\growgoal\wp-content\plugins\growgoal/elementor/pages/student/dashboard/parts/header.php' for inclusion (include_path='C:\xampp\php\PEAR') in C:\xampp\htdocs\growgoal\wp-content\plugins\growgoal\elementor\st-dashboard.php on line 53
[11-Jan-2025 20:24:48 UTC] PHP Warning:  include(C:\xampp\htdocs\growgoal\wp-content\plugins\growgoal/elementor/pages/student/dashboard/lesson.php): Failed to open stream: No such file or directory in C:\xampp\htdocs\growgoal\wp-content\plugins\growgoal\elementor\st-dashboard.php on line 54
[11-Jan-2025 20:24:48 UTC] PHP Warning:  include(): Failed opening 'C:\xampp\htdocs\growgoal\wp-content\plugins\growgoal/elementor/pages/student/dashboard/lesson.php' for inclusion (include_path='C:\xampp\php\PEAR') in C:\xampp\htdocs\growgoal\wp-content\plugins\growgoal\elementor\st-dashboard.php on line 54
[11-Jan-2025 20:24:52 UTC] GrowGoal class initialized
[11-Jan-2025 20:24:52 UTC] PHP Warning:  include(C:\xampp\htdocs\growgoal\wp-content\plugins\growgoal/elementor/pages/student/dashboard/parts/header.php): Failed to open stream: No such file or directory in C:\xampp\htdocs\growgoal\wp-content\plugins\growgoal\elementor\st-dashboard.php on line 53
[11-Jan-2025 20:24:52 UTC] PHP Warning:  include(): Failed opening 'C:\xampp\htdocs\growgoal\wp-content\plugins\growgoal/elementor/pages/student/dashboard/parts/header.php' for inclusion (include_path='C:\xampp\php\PEAR') in C:\xampp\htdocs\growgoal\wp-content\plugins\growgoal\elementor\st-dashboard.php on line 53
[11-Jan-2025 20:24:52 UTC] PHP Warning:  include(C:\xampp\htdocs\growgoal\wp-content\plugins\growgoal/elementor/pages/student/dashboard/lesson.php): Failed to open stream: No such file or directory in C:\xampp\htdocs\growgoal\wp-content\plugins\growgoal\elementor\st-dashboard.php on line 54
[11-Jan-2025 20:24:52 UTC] PHP Warning:  include(): Failed opening 'C:\xampp\htdocs\growgoal\wp-content\plugins\growgoal/elementor/pages/student/dashboard/lesson.php' for inclusion (include_path='C:\xampp\php\PEAR') in C:\xampp\htdocs\growgoal\wp-content\plugins\growgoal\elementor\st-dashboard.php on line 54
[11-Jan-2025 20:24:53 UTC] GrowGoal class initialized
[11-Jan-2025 20:24:55 UTC] GrowGoal class initialized
[11-Jan-2025 20:24:55 UTC] PHP Warning:  include(C:\xampp\htdocs\growgoal\wp-content\plugins\growgoal/elementor/pages/student/dashboard/parts/header.php): Failed to open stream: No such file or directory in C:\xampp\htdocs\growgoal\wp-content\plugins\growgoal\elementor\st-dashboard.php on line 53
[11-Jan-2025 20:24:55 UTC] PHP Warning:  include(): Failed opening 'C:\xampp\htdocs\growgoal\wp-content\plugins\growgoal/elementor/pages/student/dashboard/parts/header.php' for inclusion (include_path='C:\xampp\php\PEAR') in C:\xampp\htdocs\growgoal\wp-content\plugins\growgoal\elementor\st-dashboard.php on line 53
[11-Jan-2025 20:24:55 UTC] PHP Warning:  include(C:\xampp\htdocs\growgoal\wp-content\plugins\growgoal/elementor/pages/student/dashboard/lesson.php): Failed to open stream: No such file or directory in C:\xampp\htdocs\growgoal\wp-content\plugins\growgoal\elementor\st-dashboard.php on line 54
[11-Jan-2025 20:24:55 UTC] PHP Warning:  include(): Failed opening 'C:\xampp\htdocs\growgoal\wp-content\plugins\growgoal/elementor/pages/student/dashboard/lesson.php' for inclusion (include_path='C:\xampp\php\PEAR') in C:\xampp\htdocs\growgoal\wp-content\plugins\growgoal\elementor\st-dashboard.php on line 54
[11-Jan-2025 20:24:59 UTC] GrowGoal class initialized
[11-Jan-2025 20:26:46 UTC] GrowGoal class initialized
[11-Jan-2025 20:26:56 UTC] GrowGoal class initialized
[11-Jan-2025 20:26:57 UTC] GrowGoal class initialized
[11-Jan-2025 20:26:57 UTC] GrowGoal class initialized
[11-Jan-2025 20:26:57 UTC] GrowGoal class initialized
[11-Jan-2025 20:26:57 UTC] GrowGoal class initialized
[11-Jan-2025 20:26:57 UTC] GrowGoal class initialized
[11-Jan-2025 20:26:58 UTC] GrowGoal class initialized
[11-Jan-2025 20:27:00 UTC] GrowGoal class initialized
[11-Jan-2025 20:28:08 UTC] GrowGoal class initialized
[11-Jan-2025 20:28:08 UTC] GrowGoal class initialized
[11-Jan-2025 20:28:17 UTC] GrowGoal class initialized
[11-Jan-2025 20:28:18 UTC] GrowGoal class initialized
[11-Jan-2025 20:28:23 UTC] GrowGoal class initialized
[11-Jan-2025 20:28:23 UTC] GrowGoal class initialized
[11-Jan-2025 20:28:38 UTC] GrowGoal class initialized
[11-Jan-2025 20:28:53 UTC] GrowGoal class initialized
[11-Jan-2025 20:30:24 UTC] GrowGoal class initialized
[11-Jan-2025 20:30:54 UTC] GrowGoal class initialized
[11-Jan-2025 20:32:25 UTC] GrowGoal class initialized
[11-Jan-2025 20:32:55 UTC] GrowGoal class initialized
[11-Jan-2025 20:34:26 UTC] GrowGoal class initialized
[11-Jan-2025 20:34:56 UTC] GrowGoal class initialized
[11-Jan-2025 20:35:11 UTC] GrowGoal class initialized
[11-Jan-2025 20:35:12 UTC] GrowGoal class initialized
[11-Jan-2025 20:35:19 UTC] GrowGoal class initialized
[11-Jan-2025 20:35:22 UTC] GrowGoal class initialized
[11-Jan-2025 20:35:22 UTC] GrowGoal class initialized
[11-Jan-2025 20:35:22 UTC] GrowGoal class initialized
[11-Jan-2025 20:35:22 UTC] GrowGoal class initialized
[11-Jan-2025 20:35:22 UTC] GrowGoal class initialized
[11-Jan-2025 20:35:22 UTC] GrowGoal class initialized
[11-Jan-2025 20:35:23 UTC] GrowGoal class initialized
[11-Jan-2025 20:35:23 UTC] GrowGoal class initialized
[11-Jan-2025 20:35:28 UTC] GrowGoal class initialized
[11-Jan-2025 20:35:29 UTC] GrowGoal class initialized
[11-Jan-2025 20:35:29 UTC] GrowGoal class initialized
[11-Jan-2025 20:35:29 UTC] GrowGoal class initialized
[11-Jan-2025 20:35:31 UTC] GrowGoal class initialized
[11-Jan-2025 20:35:33 UTC] GrowGoal class initialized
[11-Jan-2025 20:35:36 UTC] GrowGoal class initialized
[11-Jan-2025 20:46:30 UTC] GrowGoal class initialized
[11-Jan-2025 20:46:31 UTC] GrowGoal class initialized
[11-Jan-2025 20:46:31 UTC] GrowGoal class initialized
[11-Jan-2025 20:46:31 UTC] GrowGoal class initialized
[11-Jan-2025 20:46:31 UTC] GrowGoal class initialized
[11-Jan-2025 20:46:31 UTC] GrowGoal class initialized
[11-Jan-2025 20:46:31 UTC] GrowGoal class initialized
[11-Jan-2025 20:46:31 UTC] GrowGoal class initialized
[11-Jan-2025 20:46:31 UTC] GrowGoal class initialized
[11-Jan-2025 20:46:32 UTC] GrowGoal class initialized
[11-Jan-2025 20:46:32 UTC] GrowGoal class initialized
[11-Jan-2025 20:48:17 UTC] GrowGoal class initialized
[12-Jan-2025 18:36:48 UTC] GrowGoal class initialized
[12-Jan-2025 18:36:49 UTC] GrowGoal class initialized
[12-Jan-2025 18:36:54 UTC] GrowGoal class initialized
[12-Jan-2025 18:36:54 UTC] GrowGoal class initialized
[12-Jan-2025 18:36:55 UTC] GrowGoal class initialized
[12-Jan-2025 18:36:55 UTC] GrowGoal class initialized
[12-Jan-2025 18:42:24 UTC] GrowGoal class initialized
[12-Jan-2025 18:42:27 UTC] GrowGoal class initialized
[12-Jan-2025 18:45:14 UTC] GrowGoal class initialized
[12-Jan-2025 18:45:15 UTC] GrowGoal class initialized
[12-Jan-2025 18:45:16 UTC] GrowGoal class initialized
[12-Jan-2025 18:45:17 UTC] GrowGoal class initialized
[12-Jan-2025 18:45:17 UTC] GrowGoal class initialized
[12-Jan-2025 18:45:20 UTC] GrowGoal class initialized
[12-Jan-2025 18:45:21 UTC] GrowGoal class initialized
[12-Jan-2025 18:45:21 UTC] GrowGoal class initialized
[12-Jan-2025 18:45:21 UTC] GrowGoal class initialized
[12-Jan-2025 18:45:21 UTC] GrowGoal class initialized
[12-Jan-2025 18:45:22 UTC] GrowGoal class initialized
[12-Jan-2025 18:45:22 UTC] GrowGoal class initialized
[12-Jan-2025 18:45:22 UTC] GrowGoal class initialized
[12-Jan-2025 18:45:22 UTC] GrowGoal class initialized
[12-Jan-2025 18:45:22 UTC] GrowGoal class initialized
[12-Jan-2025 18:45:22 UTC] GrowGoal class initialized
[12-Jan-2025 18:45:22 UTC] GrowGoal class initialized
[12-Jan-2025 18:45:28 UTC] GrowGoal class initialized
[12-Jan-2025 18:45:28 UTC] GrowGoal class initialized
[12-Jan-2025 18:45:31 UTC] GrowGoal class initialized
[12-Jan-2025 18:45:32 UTC] GrowGoal class initialized
[12-Jan-2025 18:45:35 UTC] GrowGoal class initialized
[12-Jan-2025 18:45:38 UTC] GrowGoal class initialized
[12-Jan-2025 18:45:38 UTC] GrowGoal class initialized
[12-Jan-2025 18:45:38 UTC] GrowGoal class initialized
[12-Jan-2025 18:45:39 UTC] GrowGoal class initialized
[12-Jan-2025 18:45:39 UTC] GrowGoal class initialized
[12-Jan-2025 18:45:39 UTC] GrowGoal class initialized
[12-Jan-2025 18:45:41 UTC] GrowGoal class initialized
[12-Jan-2025 18:45:43 UTC] GrowGoal class initialized
[12-Jan-2025 18:45:43 UTC] GrowGoal class initialized
[12-Jan-2025 18:45:43 UTC] GrowGoal class initialized
[12-Jan-2025 18:45:43 UTC] GrowGoal class initialized
[12-Jan-2025 18:45:43 UTC] GrowGoal class initialized
[12-Jan-2025 18:45:43 UTC] GrowGoal class initialized
[12-Jan-2025 18:45:45 UTC] GrowGoal class initialized
[12-Jan-2025 18:45:46 UTC] GrowGoal class initialized
[12-Jan-2025 18:45:46 UTC] GrowGoal class initialized
[12-Jan-2025 18:45:46 UTC] GrowGoal class initialized
[12-Jan-2025 18:45:46 UTC] GrowGoal class initialized
[12-Jan-2025 18:45:46 UTC] GrowGoal class initialized
[12-Jan-2025 18:45:46 UTC] GrowGoal class initialized
[12-Jan-2025 18:45:47 UTC] GrowGoal class initialized
[12-Jan-2025 18:45:48 UTC] GrowGoal class initialized
[12-Jan-2025 18:45:51 UTC] GrowGoal class initialized
[12-Jan-2025 18:45:52 UTC] GrowGoal class initialized
[12-Jan-2025 18:45:52 UTC] GrowGoal class initialized
[12-Jan-2025 18:45:52 UTC] GrowGoal class initialized
[12-Jan-2025 18:45:57 UTC] GrowGoal class initialized
[12-Jan-2025 18:45:57 UTC] GrowGoal class initialized
[12-Jan-2025 18:45:58 UTC] GrowGoal class initialized
[12-Jan-2025 18:45:58 UTC] GrowGoal class initialized
[12-Jan-2025 18:46:01 UTC] GrowGoal class initialized
[12-Jan-2025 18:46:05 UTC] GrowGoal class initialized
[12-Jan-2025 18:46:05 UTC] GrowGoal class initialized
[12-Jan-2025 18:46:07 UTC] GrowGoal class initialized
[12-Jan-2025 18:46:12 UTC] GrowGoal class initialized
[12-Jan-2025 18:46:13 UTC] GrowGoal class initialized
[12-Jan-2025 18:46:14 UTC] GrowGoal class initialized
[12-Jan-2025 18:46:16 UTC] GrowGoal class initialized
[12-Jan-2025 18:46:17 UTC] GrowGoal class initialized
[12-Jan-2025 18:46:28 UTC] GrowGoal class initialized
[12-Jan-2025 18:46:56 UTC] GrowGoal class initialized
[12-Jan-2025 18:47:08 UTC] GrowGoal class initialized
[12-Jan-2025 18:47:10 UTC] GrowGoal class initialized
[12-Jan-2025 18:47:16 UTC] GrowGoal class initialized
[12-Jan-2025 18:47:23 UTC] GrowGoal class initialized
[12-Jan-2025 18:48:29 UTC] GrowGoal class initialized
[12-Jan-2025 18:49:24 UTC] GrowGoal class initialized
[12-Jan-2025 18:50:20 UTC] GrowGoal class initialized
[12-Jan-2025 18:50:36 UTC] GrowGoal class initialized
[12-Jan-2025 18:51:25 UTC] GrowGoal class initialized
[12-Jan-2025 18:52:37 UTC] GrowGoal class initialized
[12-Jan-2025 18:52:38 UTC] GrowGoal class initialized
[12-Jan-2025 18:53:16 UTC] GrowGoal class initialized
[12-Jan-2025 18:53:20 UTC] GrowGoal class initialized
[12-Jan-2025 18:53:22 UTC] GrowGoal class initialized
[12-Jan-2025 18:53:26 UTC] GrowGoal class initialized
[12-Jan-2025 18:53:29 UTC] GrowGoal class initialized
[12-Jan-2025 18:53:32 UTC] GrowGoal class initialized
[12-Jan-2025 18:53:32 UTC] GrowGoal class initialized
[12-Jan-2025 18:54:44 UTC] GrowGoal class initialized
[12-Jan-2025 18:55:00 UTC] GrowGoal class initialized
[12-Jan-2025 18:55:27 UTC] GrowGoal class initialized
[12-Jan-2025 18:55:33 UTC] GrowGoal class initialized
[12-Jan-2025 18:56:28 UTC] GrowGoal class initialized
[12-Jan-2025 18:57:17 UTC] GrowGoal class initialized
[12-Jan-2025 18:57:19 UTC] GrowGoal class initialized
[12-Jan-2025 18:57:21 UTC] GrowGoal class initialized
[12-Jan-2025 18:57:22 UTC] GrowGoal class initialized
[12-Jan-2025 18:57:22 UTC] GrowGoal class initialized
[12-Jan-2025 18:57:22 UTC] GrowGoal class initialized
[12-Jan-2025 18:57:22 UTC] GrowGoal class initialized
[12-Jan-2025 18:57:22 UTC] GrowGoal class initialized
[12-Jan-2025 18:57:23 UTC] GrowGoal class initialized
[12-Jan-2025 18:57:24 UTC] GrowGoal class initialized
[12-Jan-2025 18:57:25 UTC] GrowGoal class initialized
[12-Jan-2025 18:58:15 UTC] GrowGoal class initialized
[12-Jan-2025 18:58:15 UTC] GrowGoal class initialized
[12-Jan-2025 18:58:17 UTC] GrowGoal class initialized
[12-Jan-2025 18:58:25 UTC] GrowGoal class initialized
[12-Jan-2025 18:59:09 UTC] GrowGoal class initialized
[12-Jan-2025 19:00:26 UTC] GrowGoal class initialized
[12-Jan-2025 19:02:27 UTC] GrowGoal class initialized
[12-Jan-2025 19:03:04 UTC] GrowGoal class initialized
[12-Jan-2025 19:03:05 UTC] GrowGoal class initialized
[12-Jan-2025 19:03:05 UTC] GrowGoal class initialized
[12-Jan-2025 19:03:05 UTC] GrowGoal class initialized
[12-Jan-2025 19:03:05 UTC] GrowGoal class initialized
[12-Jan-2025 19:03:27 UTC] GrowGoal class initialized
[12-Jan-2025 19:03:28 UTC] GrowGoal class initialized
[12-Jan-2025 19:04:25 UTC] GrowGoal class initialized
[12-Jan-2025 19:04:28 UTC] GrowGoal class initialized
[12-Jan-2025 19:05:03 UTC] GrowGoal class initialized
[12-Jan-2025 19:06:29 UTC] GrowGoal class initialized
[12-Jan-2025 19:07:40 UTC] GrowGoal class initialized
[12-Jan-2025 19:07:41 UTC] GrowGoal class initialized
[12-Jan-2025 19:07:42 UTC] GrowGoal class initialized
[12-Jan-2025 19:07:43 UTC] GrowGoal class initialized
[12-Jan-2025 19:07:43 UTC] GrowGoal class initialized
[12-Jan-2025 19:07:43 UTC] GrowGoal class initialized
[12-Jan-2025 19:07:43 UTC] GrowGoal class initialized
[12-Jan-2025 19:07:43 UTC] GrowGoal class initialized
[12-Jan-2025 19:07:43 UTC] GrowGoal class initialized
[12-Jan-2025 19:07:43 UTC] GrowGoal class initialized
[12-Jan-2025 19:07:43 UTC] GrowGoal class initialized
[12-Jan-2025 19:07:43 UTC] GrowGoal class initialized
[12-Jan-2025 19:07:43 UTC] GrowGoal class initialized
[12-Jan-2025 19:07:44 UTC] GrowGoal class initialized
[12-Jan-2025 19:07:45 UTC] GrowGoal class initialized
[12-Jan-2025 19:07:45 UTC] GrowGoal class initialized
[12-Jan-2025 19:07:45 UTC] GrowGoal class initialized
[12-Jan-2025 19:07:45 UTC] GrowGoal class initialized
[12-Jan-2025 19:07:46 UTC] GrowGoal class initialized
[12-Jan-2025 19:07:46 UTC] GrowGoal class initialized
[12-Jan-2025 19:07:49 UTC] GrowGoal class initialized
[12-Jan-2025 19:07:50 UTC] GrowGoal class initialized
[12-Jan-2025 19:07:51 UTC] GrowGoal class initialized
[12-Jan-2025 19:07:52 UTC] GrowGoal class initialized
[12-Jan-2025 19:07:52 UTC] GrowGoal class initialized
[12-Jan-2025 19:07:53 UTC] GrowGoal class initialized
[12-Jan-2025 19:07:59 UTC] GrowGoal class initialized
[12-Jan-2025 19:07:59 UTC] GrowGoal class initialized
[12-Jan-2025 19:08:00 UTC] GrowGoal class initialized
[12-Jan-2025 19:08:02 UTC] GrowGoal class initialized
[12-Jan-2025 19:08:02 UTC] GrowGoal class initialized
[12-Jan-2025 19:08:02 UTC] GrowGoal class initialized
[12-Jan-2025 19:08:02 UTC] GrowGoal class initialized
[12-Jan-2025 19:08:03 UTC] GrowGoal class initialized
[12-Jan-2025 19:08:04 UTC] GrowGoal class initialized
[12-Jan-2025 19:08:04 UTC] GrowGoal class initialized
[12-Jan-2025 19:08:05 UTC] GrowGoal class initialized
[12-Jan-2025 19:08:05 UTC] GrowGoal class initialized
[12-Jan-2025 19:08:05 UTC] GrowGoal class initialized
[12-Jan-2025 19:08:05 UTC] GrowGoal class initialized
[12-Jan-2025 19:08:06 UTC] GrowGoal class initialized
[12-Jan-2025 19:08:07 UTC] GrowGoal class initialized
[12-Jan-2025 19:08:11 UTC] GrowGoal class initialized
[12-Jan-2025 19:08:12 UTC] GrowGoal class initialized
[12-Jan-2025 19:08:13 UTC] GrowGoal class initialized
[12-Jan-2025 19:08:13 UTC] GrowGoal class initialized
[12-Jan-2025 19:08:14 UTC] GrowGoal class initialized
[12-Jan-2025 19:08:15 UTC] GrowGoal class initialized
[12-Jan-2025 19:08:15 UTC] GrowGoal class initialized
[12-Jan-2025 19:08:24 UTC] GrowGoal class initialized
[12-Jan-2025 19:08:31 UTC] GrowGoal class initialized
[12-Jan-2025 19:08:32 UTC] GrowGoal class initialized
[12-Jan-2025 19:08:32 UTC] GrowGoal class initialized
[12-Jan-2025 19:08:32 UTC] GrowGoal class initialized
[12-Jan-2025 19:08:32 UTC] GrowGoal class initialized
[12-Jan-2025 19:08:32 UTC] GrowGoal class initialized
[12-Jan-2025 19:08:32 UTC] GrowGoal class initialized
[12-Jan-2025 19:08:36 UTC] GrowGoal class initialized
[12-Jan-2025 19:08:37 UTC] GrowGoal class initialized
[12-Jan-2025 19:08:38 UTC] GrowGoal class initialized
[12-Jan-2025 19:08:40 UTC] GrowGoal class initialized
[12-Jan-2025 19:08:45 UTC] GrowGoal class initialized
[12-Jan-2025 19:08:47 UTC] GrowGoal class initialized
[12-Jan-2025 19:08:50 UTC] GrowGoal class initialized
[12-Jan-2025 19:08:53 UTC] GrowGoal class initialized
[12-Jan-2025 19:08:53 UTC] GrowGoal class initialized
[12-Jan-2025 19:08:54 UTC] GrowGoal class initialized
[12-Jan-2025 19:08:54 UTC] GrowGoal class initialized
[12-Jan-2025 19:08:54 UTC] GrowGoal class initialized
[12-Jan-2025 19:08:54 UTC] GrowGoal class initialized
[12-Jan-2025 19:08:54 UTC] GrowGoal class initialized
[12-Jan-2025 19:08:55 UTC] GrowGoal class initialized
[12-Jan-2025 19:08:58 UTC] GrowGoal class initialized
[12-Jan-2025 19:08:59 UTC] GrowGoal class initialized
[12-Jan-2025 19:09:00 UTC] GrowGoal class initialized
[12-Jan-2025 19:09:02 UTC] GrowGoal class initialized
[12-Jan-2025 19:09:03 UTC] GrowGoal class initialized
[12-Jan-2025 19:09:09 UTC] GrowGoal class initialized
[12-Jan-2025 19:10:25 UTC] GrowGoal class initialized
[12-Jan-2025 19:11:04 UTC] GrowGoal class initialized
[12-Jan-2025 19:11:10 UTC] GrowGoal class initialized
[12-Jan-2025 19:12:26 UTC] GrowGoal class initialized
[12-Jan-2025 19:13:05 UTC] GrowGoal class initialized
[12-Jan-2025 19:13:11 UTC] GrowGoal class initialized
[12-Jan-2025 19:14:27 UTC] GrowGoal class initialized
[12-Jan-2025 19:15:06 UTC] GrowGoal class initialized
[12-Jan-2025 19:15:12 UTC] GrowGoal class initialized
[12-Jan-2025 19:16:28 UTC] GrowGoal class initialized
[12-Jan-2025 19:17:07 UTC] GrowGoal class initialized
[12-Jan-2025 19:17:13 UTC] GrowGoal class initialized
[12-Jan-2025 19:18:29 UTC] GrowGoal class initialized
[12-Jan-2025 19:19:08 UTC] GrowGoal class initialized
[12-Jan-2025 19:19:14 UTC] GrowGoal class initialized
[12-Jan-2025 19:20:30 UTC] GrowGoal class initialized
[12-Jan-2025 19:21:09 UTC] GrowGoal class initialized
[12-Jan-2025 19:21:15 UTC] GrowGoal class initialized
[12-Jan-2025 19:22:31 UTC] GrowGoal class initialized
[12-Jan-2025 19:23:10 UTC] GrowGoal class initialized
[12-Jan-2025 19:23:16 UTC] GrowGoal class initialized
[12-Jan-2025 19:24:32 UTC] GrowGoal class initialized
[12-Jan-2025 19:25:11 UTC] GrowGoal class initialized
[12-Jan-2025 19:25:17 UTC] GrowGoal class initialized
[12-Jan-2025 19:26:33 UTC] GrowGoal class initialized
[12-Jan-2025 19:27:12 UTC] GrowGoal class initialized
[12-Jan-2025 19:27:18 UTC] GrowGoal class initialized
[12-Jan-2025 19:28:34 UTC] GrowGoal class initialized
[12-Jan-2025 19:29:13 UTC] GrowGoal class initialized
[12-Jan-2025 19:29:19 UTC] GrowGoal class initialized
[12-Jan-2025 19:30:35 UTC] GrowGoal class initialized
[12-Jan-2025 19:31:14 UTC] GrowGoal class initialized
[12-Jan-2025 19:31:20 UTC] GrowGoal class initialized
[12-Jan-2025 19:32:36 UTC] GrowGoal class initialized
[12-Jan-2025 19:33:15 UTC] GrowGoal class initialized
[12-Jan-2025 19:33:21 UTC] GrowGoal class initialized
[12-Jan-2025 19:34:37 UTC] GrowGoal class initialized
[12-Jan-2025 19:35:16 UTC] GrowGoal class initialized
[12-Jan-2025 19:35:22 UTC] GrowGoal class initialized
[12-Jan-2025 19:36:38 UTC] GrowGoal class initialized
[12-Jan-2025 19:37:17 UTC] GrowGoal class initialized
[12-Jan-2025 19:37:23 UTC] GrowGoal class initialized
[12-Jan-2025 19:38:39 UTC] GrowGoal class initialized
[12-Jan-2025 19:39:18 UTC] GrowGoal class initialized
[12-Jan-2025 19:39:24 UTC] GrowGoal class initialized
[12-Jan-2025 19:40:40 UTC] GrowGoal class initialized
[12-Jan-2025 19:41:19 UTC] GrowGoal class initialized
[12-Jan-2025 19:41:25 UTC] GrowGoal class initialized
[12-Jan-2025 19:42:41 UTC] GrowGoal class initialized
[12-Jan-2025 19:43:20 UTC] GrowGoal class initialized
[12-Jan-2025 19:43:26 UTC] GrowGoal class initialized
[12-Jan-2025 19:44:42 UTC] GrowGoal class initialized
[12-Jan-2025 19:45:21 UTC] GrowGoal class initialized
[12-Jan-2025 19:45:27 UTC] GrowGoal class initialized
[12-Jan-2025 19:46:43 UTC] GrowGoal class initialized
[12-Jan-2025 19:47:22 UTC] GrowGoal class initialized
[12-Jan-2025 19:47:28 UTC] GrowGoal class initialized
[12-Jan-2025 19:48:44 UTC] GrowGoal class initialized
[12-Jan-2025 19:49:23 UTC] GrowGoal class initialized
[12-Jan-2025 19:49:29 UTC] GrowGoal class initialized
[12-Jan-2025 19:50:45 UTC] GrowGoal class initialized
[12-Jan-2025 19:51:24 UTC] GrowGoal class initialized
[12-Jan-2025 19:51:30 UTC] GrowGoal class initialized
[12-Jan-2025 19:52:46 UTC] GrowGoal class initialized
[12-Jan-2025 19:52:47 UTC] GrowGoal class initialized
[12-Jan-2025 19:53:25 UTC] GrowGoal class initialized
[12-Jan-2025 19:53:31 UTC] GrowGoal class initialized
[12-Jan-2025 19:54:47 UTC] GrowGoal class initialized
[12-Jan-2025 19:55:26 UTC] GrowGoal class initialized
[12-Jan-2025 19:55:32 UTC] GrowGoal class initialized
[12-Jan-2025 19:56:48 UTC] GrowGoal class initialized
[12-Jan-2025 19:57:27 UTC] GrowGoal class initialized
[12-Jan-2025 19:57:33 UTC] GrowGoal class initialized
[12-Jan-2025 19:58:49 UTC] GrowGoal class initialized
[12-Jan-2025 19:59:28 UTC] GrowGoal class initialized
[12-Jan-2025 19:59:34 UTC] GrowGoal class initialized
[12-Jan-2025 20:00:50 UTC] GrowGoal class initialized
[12-Jan-2025 20:01:29 UTC] GrowGoal class initialized
[12-Jan-2025 20:01:35 UTC] GrowGoal class initialized
[12-Jan-2025 20:02:51 UTC] GrowGoal class initialized
[12-Jan-2025 20:03:30 UTC] GrowGoal class initialized
[12-Jan-2025 20:03:36 UTC] GrowGoal class initialized
[12-Jan-2025 20:04:52 UTC] GrowGoal class initialized
[12-Jan-2025 20:05:31 UTC] GrowGoal class initialized
[12-Jan-2025 20:05:37 UTC] GrowGoal class initialized
[12-Jan-2025 20:06:53 UTC] GrowGoal class initialized
[12-Jan-2025 20:07:32 UTC] GrowGoal class initialized
[12-Jan-2025 20:07:38 UTC] GrowGoal class initialized
[12-Jan-2025 20:08:54 UTC] GrowGoal class initialized
[12-Jan-2025 20:09:39 UTC] GrowGoal class initialized
[12-Jan-2025 20:10:55 UTC] GrowGoal class initialized
[12-Jan-2025 20:11:40 UTC] GrowGoal class initialized
[12-Jan-2025 20:12:56 UTC] GrowGoal class initialized
[12-Jan-2025 20:13:41 UTC] GrowGoal class initialized
[12-Jan-2025 20:14:57 UTC] GrowGoal class initialized
[12-Jan-2025 20:15:42 UTC] GrowGoal class initialized
[12-Jan-2025 20:16:58 UTC] GrowGoal class initialized
[12-Jan-2025 20:17:43 UTC] GrowGoal class initialized
[12-Jan-2025 20:18:59 UTC] GrowGoal class initialized
[12-Jan-2025 20:19:44 UTC] GrowGoal class initialized
[12-Jan-2025 20:21:00 UTC] GrowGoal class initialized
[12-Jan-2025 20:21:45 UTC] GrowGoal class initialized
[12-Jan-2025 20:23:01 UTC] GrowGoal class initialized
[12-Jan-2025 20:23:46 UTC] GrowGoal class initialized
[12-Jan-2025 20:25:02 UTC] GrowGoal class initialized
[12-Jan-2025 20:25:47 UTC] GrowGoal class initialized
[12-Jan-2025 20:27:03 UTC] GrowGoal class initialized
[12-Jan-2025 20:27:48 UTC] GrowGoal class initialized
[12-Jan-2025 20:29:04 UTC] GrowGoal class initialized
[12-Jan-2025 20:29:49 UTC] GrowGoal class initialized
[12-Jan-2025 20:31:05 UTC] GrowGoal class initialized
[12-Jan-2025 20:31:50 UTC] GrowGoal class initialized
[12-Jan-2025 20:33:06 UTC] GrowGoal class initialized
[12-Jan-2025 20:33:51 UTC] GrowGoal class initialized
[12-Jan-2025 20:35:07 UTC] GrowGoal class initialized
[12-Jan-2025 20:35:52 UTC] GrowGoal class initialized
[12-Jan-2025 20:37:08 UTC] GrowGoal class initialized
[12-Jan-2025 20:37:53 UTC] GrowGoal class initialized
[12-Jan-2025 20:39:09 UTC] GrowGoal class initialized
[12-Jan-2025 20:39:54 UTC] GrowGoal class initialized
[12-Jan-2025 20:41:10 UTC] GrowGoal class initialized
[12-Jan-2025 20:41:55 UTC] GrowGoal class initialized
[12-Jan-2025 20:42:58 UTC] GrowGoal class initialized
[12-Jan-2025 20:43:08 UTC] GrowGoal class initialized
[12-Jan-2025 20:43:43 UTC] GrowGoal class initialized
[12-Jan-2025 20:43:44 UTC] GrowGoal class initialized
[12-Jan-2025 20:43:53 UTC] GrowGoal class initialized
[12-Jan-2025 20:43:54 UTC] GrowGoal class initialized
[12-Jan-2025 20:43:55 UTC] GrowGoal class initialized
[12-Jan-2025 20:43:59 UTC] GrowGoal class initialized
[12-Jan-2025 20:44:03 UTC] GrowGoal class initialized
[12-Jan-2025 20:44:05 UTC] GrowGoal class initialized
[12-Jan-2025 20:44:14 UTC] GrowGoal class initialized
[12-Jan-2025 20:45:14 UTC] GrowGoal class initialized
[12-Jan-2025 20:46:06 UTC] GrowGoal class initialized
[12-Jan-2025 20:46:15 UTC] GrowGoal class initialized
[12-Jan-2025 20:48:07 UTC] GrowGoal class initialized
[12-Jan-2025 20:48:16 UTC] GrowGoal class initialized
[12-Jan-2025 20:50:08 UTC] GrowGoal class initialized
[12-Jan-2025 20:50:17 UTC] GrowGoal class initialized
[12-Jan-2025 20:52:09 UTC] GrowGoal class initialized
[12-Jan-2025 20:52:18 UTC] GrowGoal class initialized
[12-Jan-2025 20:52:27 UTC] GrowGoal class initialized
[12-Jan-2025 20:54:19 UTC] GrowGoal class initialized
[12-Jan-2025 20:54:20 UTC] GrowGoal class initialized
[12-Jan-2025 20:56:20 UTC] GrowGoal class initialized
[12-Jan-2025 20:57:07 UTC] GrowGoal class initialized
[12-Jan-2025 20:58:21 UTC] GrowGoal class initialized
[12-Jan-2025 20:59:26 UTC] GrowGoal class initialized
[12-Jan-2025 20:59:30 UTC] GrowGoal class initialized
[12-Jan-2025 20:59:35 UTC] GrowGoal class initialized
[12-Jan-2025 20:59:41 UTC] GrowGoal class initialized
[12-Jan-2025 21:00:22 UTC] GrowGoal class initialized
[12-Jan-2025 21:01:42 UTC] GrowGoal class initialized
[12-Jan-2025 21:02:23 UTC] GrowGoal class initialized
[12-Jan-2025 21:02:30 UTC] GrowGoal class initialized
[12-Jan-2025 21:02:43 UTC] GrowGoal class initialized
[12-Jan-2025 21:03:43 UTC] GrowGoal class initialized
[12-Jan-2025 21:04:24 UTC] GrowGoal class initialized
[12-Jan-2025 21:05:44 UTC] GrowGoal class initialized
[12-Jan-2025 21:06:25 UTC] GrowGoal class initialized
[12-Jan-2025 21:07:45 UTC] GrowGoal class initialized
[12-Jan-2025 21:07:53 UTC] GrowGoal class initialized
[12-Jan-2025 21:08:26 UTC] GrowGoal class initialized
[12-Jan-2025 21:09:46 UTC] GrowGoal class initialized
[12-Jan-2025 21:10:27 UTC] GrowGoal class initialized
[12-Jan-2025 21:11:25 UTC] GrowGoal class initialized
[12-Jan-2025 21:11:47 UTC] GrowGoal class initialized
[12-Jan-2025 21:12:28 UTC] GrowGoal class initialized
[12-Jan-2025 21:13:04 UTC] GrowGoal class initialized
[12-Jan-2025 21:13:48 UTC] GrowGoal class initialized
[12-Jan-2025 21:14:29 UTC] GrowGoal class initialized
[12-Jan-2025 21:14:56 UTC] GrowGoal class initialized
[12-Jan-2025 21:15:49 UTC] GrowGoal class initialized
[12-Jan-2025 21:16:07 UTC] GrowGoal class initialized
[12-Jan-2025 21:16:30 UTC] GrowGoal class initialized
[12-Jan-2025 21:17:50 UTC] GrowGoal class initialized
[12-Jan-2025 21:17:56 UTC] GrowGoal class initialized
[12-Jan-2025 21:18:30 UTC] GrowGoal class initialized
[12-Jan-2025 21:18:31 UTC] GrowGoal class initialized
[12-Jan-2025 21:18:39 UTC] GrowGoal class initialized
[12-Jan-2025 21:18:59 UTC] GrowGoal class initialized
[12-Jan-2025 21:19:33 UTC] GrowGoal class initialized
[12-Jan-2025 21:19:51 UTC] GrowGoal class initialized
[12-Jan-2025 21:20:26 UTC] GrowGoal class initialized
[12-Jan-2025 21:20:32 UTC] GrowGoal class initialized
[12-Jan-2025 21:20:57 UTC] GrowGoal class initialized
[12-Jan-2025 21:21:52 UTC] GrowGoal class initialized
[12-Jan-2025 21:22:14 UTC] GrowGoal class initialized
[12-Jan-2025 21:22:33 UTC] GrowGoal class initialized
[12-Jan-2025 21:22:34 UTC] GrowGoal class initialized
[12-Jan-2025 21:22:52 UTC] GrowGoal class initialized
[12-Jan-2025 21:23:53 UTC] GrowGoal class initialized
[12-Jan-2025 21:24:34 UTC] GrowGoal class initialized
[12-Jan-2025 21:25:54 UTC] GrowGoal class initialized
[12-Jan-2025 21:26:35 UTC] GrowGoal class initialized
[15-Jan-2025 03:55:58 UTC] PHP Warning:  mysqli_real_connect(): (HY000/2002): No connection could be made because the target machine actively refused it in C:\xampp\htdocs\growgoal\wp-includes\class-wpdb.php on line 1982
[15-Jan-2025 06:15:30 UTC] PHP Warning:  mysqli_real_connect(): (HY000/2002): No connection could be made because the target machine actively refused it in C:\xampp\htdocs\growgoal\wp-includes\class-wpdb.php on line 1982
[15-Jan-2025 06:16:04 UTC] PHP Warning:  mysqli_real_connect(): (HY000/2002): No connection could be made because the target machine actively refused it in C:\xampp\htdocs\growgoal\wp-includes\class-wpdb.php on line 1982
[15-Jan-2025 06:16:09 UTC] GrowGoal class initialized
[15-Jan-2025 06:16:09 UTC] GrowGoal class initialized
[15-Jan-2025 06:16:13 UTC] GrowGoal class initialized
[15-Jan-2025 06:17:24 UTC] GrowGoal class initialized
[15-Jan-2025 06:20:51 UTC] GrowGoal class initialized
[15-Jan-2025 06:20:52 UTC] GrowGoal class initialized
[15-Jan-2025 06:20:52 UTC] GrowGoal class initialized
[15-Jan-2025 06:20:54 UTC] GrowGoal class initialized
[15-Jan-2025 06:20:57 UTC] GrowGoal class initialized
[15-Jan-2025 06:20:58 UTC] GrowGoal class initialized
[15-Jan-2025 06:20:58 UTC] GrowGoal class initialized
[15-Jan-2025 06:20:58 UTC] GrowGoal class initialized
[15-Jan-2025 06:20:58 UTC] GrowGoal class initialized
[15-Jan-2025 06:20:58 UTC] GrowGoal class initialized
[15-Jan-2025 06:20:59 UTC] GrowGoal class initialized
[15-Jan-2025 06:21:00 UTC] GrowGoal class initialized
[15-Jan-2025 06:21:05 UTC] GrowGoal class initialized
[15-Jan-2025 06:21:05 UTC] GrowGoal class initialized
[15-Jan-2025 06:21:06 UTC] GrowGoal class initialized
[15-Jan-2025 06:21:06 UTC] GrowGoal class initialized
[15-Jan-2025 06:21:06 UTC] GrowGoal class initialized
[15-Jan-2025 06:21:06 UTC] GrowGoal class initialized
[15-Jan-2025 06:21:06 UTC] GrowGoal class initialized
[15-Jan-2025 06:21:06 UTC] GrowGoal class initialized
[15-Jan-2025 06:21:07 UTC] GrowGoal class initialized
[15-Jan-2025 06:21:07 UTC] GrowGoal class initialized
[15-Jan-2025 06:21:07 UTC] GrowGoal class initialized
[15-Jan-2025 06:21:07 UTC] GrowGoal class initialized
[15-Jan-2025 06:21:07 UTC] GrowGoal class initialized
[15-Jan-2025 06:21:10 UTC] GrowGoal class initialized
[15-Jan-2025 06:21:16 UTC] GrowGoal class initialized
[15-Jan-2025 06:21:24 UTC] GrowGoal class initialized
[15-Jan-2025 06:21:24 UTC] GrowGoal class initialized
[15-Jan-2025 06:21:26 UTC] GrowGoal class initialized
[15-Jan-2025 06:21:34 UTC] GrowGoal class initialized
[15-Jan-2025 06:21:35 UTC] GrowGoal class initialized
[15-Jan-2025 06:21:36 UTC] GrowGoal class initialized
[15-Jan-2025 06:21:36 UTC] GrowGoal class initialized
[15-Jan-2025 06:21:38 UTC] GrowGoal class initialized
[15-Jan-2025 06:21:38 UTC] GrowGoal class initialized
[15-Jan-2025 06:21:38 UTC] GrowGoal class initialized
[15-Jan-2025 06:21:39 UTC] GrowGoal class initialized
[15-Jan-2025 06:21:41 UTC] GrowGoal class initialized
[15-Jan-2025 06:21:41 UTC] GrowGoal class initialized
[15-Jan-2025 06:21:42 UTC] GrowGoal class initialized
[15-Jan-2025 06:21:42 UTC] GrowGoal class initialized
[15-Jan-2025 06:21:42 UTC] GrowGoal class initialized
[15-Jan-2025 06:21:42 UTC] GrowGoal class initialized
[15-Jan-2025 06:21:42 UTC] GrowGoal class initialized
[15-Jan-2025 06:21:42 UTC] GrowGoal class initialized
[15-Jan-2025 06:21:45 UTC] GrowGoal class initialized
[15-Jan-2025 06:21:53 UTC] GrowGoal class initialized
[15-Jan-2025 06:21:55 UTC] GrowGoal class initialized
[15-Jan-2025 06:21:56 UTC] GrowGoal class initialized
[15-Jan-2025 06:21:57 UTC] GrowGoal class initialized
[15-Jan-2025 06:22:05 UTC] GrowGoal class initialized
[15-Jan-2025 06:22:08 UTC] GrowGoal class initialized
[15-Jan-2025 06:22:15 UTC] GrowGoal class initialized
[15-Jan-2025 06:22:22 UTC] GrowGoal class initialized
[15-Jan-2025 06:22:23 UTC] GrowGoal class initialized
[15-Jan-2025 06:22:33 UTC] GrowGoal class initialized
[15-Jan-2025 06:24:33 UTC] GrowGoal class initialized
[15-Jan-2025 06:26:09 UTC] GrowGoal class initialized
[15-Jan-2025 06:26:20 UTC] GrowGoal class initialized
[15-Jan-2025 06:28:21 UTC] GrowGoal class initialized
[15-Jan-2025 06:30:04 UTC] GrowGoal class initialized
[15-Jan-2025 06:30:14 UTC] GrowGoal class initialized
[15-Jan-2025 06:30:24 UTC] GrowGoal class initialized
[15-Jan-2025 06:32:24 UTC] GrowGoal class initialized
[15-Jan-2025 06:34:25 UTC] GrowGoal class initialized
[15-Jan-2025 06:36:26 UTC] GrowGoal class initialized
[15-Jan-2025 06:38:27 UTC] GrowGoal class initialized
[15-Jan-2025 06:40:28 UTC] GrowGoal class initialized
[15-Jan-2025 07:05:16 UTC] GrowGoal class initialized
[15-Jan-2025 07:05:16 UTC] GrowGoal class initialized
[15-Jan-2025 07:05:26 UTC] GrowGoal class initialized
[15-Jan-2025 07:05:36 UTC] GrowGoal class initialized
[15-Jan-2025 07:07:36 UTC] GrowGoal class initialized
[15-Jan-2025 07:07:55 UTC] GrowGoal class initialized
[15-Jan-2025 07:08:05 UTC] GrowGoal class initialized
[15-Jan-2025 07:08:15 UTC] GrowGoal class initialized
[15-Jan-2025 07:09:01 UTC] GrowGoal class initialized
[15-Jan-2025 07:09:12 UTC] GrowGoal class initialized
[15-Jan-2025 07:11:13 UTC] GrowGoal class initialized
[15-Jan-2025 07:13:14 UTC] GrowGoal class initialized
[15-Jan-2025 07:15:14 UTC] GrowGoal class initialized
[15-Jan-2025 07:17:15 UTC] GrowGoal class initialized
[15-Jan-2025 07:19:16 UTC] GrowGoal class initialized
[15-Jan-2025 07:32:18 UTC] GrowGoal class initialized
[15-Jan-2025 07:32:28 UTC] GrowGoal class initialized
[15-Jan-2025 07:32:38 UTC] GrowGoal class initialized
[15-Jan-2025 07:32:48 UTC] GrowGoal class initialized
[15-Jan-2025 07:33:03 UTC] GrowGoal class initialized
[15-Jan-2025 07:33:13 UTC] GrowGoal class initialized
[15-Jan-2025 07:35:14 UTC] GrowGoal class initialized
[15-Jan-2025 07:37:15 UTC] GrowGoal class initialized
[15-Jan-2025 07:39:16 UTC] GrowGoal class initialized
[15-Jan-2025 07:41:17 UTC] GrowGoal class initialized
[15-Jan-2025 07:43:18 UTC] GrowGoal class initialized
[15-Jan-2025 07:44:15 UTC] GrowGoal class initialized
[15-Jan-2025 07:44:25 UTC] GrowGoal class initialized
[15-Jan-2025 07:46:26 UTC] GrowGoal class initialized
[15-Jan-2025 07:47:12 UTC] GrowGoal class initialized
[26-Jan-2025 20:37:29 UTC] GrowGoal class initialized
[26-Jan-2025 20:37:36 UTC] GrowGoal class initialized
[26-Jan-2025 20:37:43 UTC] GrowGoal class initialized
[26-Jan-2025 20:37:46 UTC] GrowGoal class initialized
[26-Jan-2025 20:37:46 UTC] GrowGoal class initialized
[26-Jan-2025 20:37:47 UTC] GrowGoal class initialized
[26-Jan-2025 20:37:47 UTC] GrowGoal class initialized
